Euuh désolé j'ai pas fait exprès
Je crois que le programme est codé avec les pieds
Parce que quand j'ai fait help, j'ai rien reçu
Mdrr mais quoi c'est trop bizarre, c'est moi qui ai reçu la liste des commandes
Ouah mdr mais il sait pas coder ou quoi
Je sais pas, vraiment un nullos
Bon allez j'y vais j'ai piscine
Salut
Bonjour
Mince désolé je dois y aller, j'ai poney ;/
Salut moi c'est Pas Arthur
Bonjour
<<<<<<< HEAD
Ca va ?
OI

=======
bonjour
next
>>>>>>> 59fd2e6b347019105a3feed25392eda5d05b19ee
Bonjour
Yooooo
Ca va ?
Ou quoi ? 
Ouais trql
Att y'a mon cousin qui est co, jvais le rejoindre
YOoo
Bonjour
YOOOOOO
Bonjour
Ca va ?
Ca va et toi ? 
Jte next
Bonjour
Bonjour
!NEXT
Bonjour
Tranquille ou toi ?
T'es bête ou quoi
!NEXT
Bonjour
Bonjur
Bonjour
Cav va ?
Bonjour
l
Bonjour
Enchanté
1
2
3
Bonjour
Yo
Bonjur
Bonjour
n
Bonjour
Bonjour
?
?
Bonjour
Ca va ?
,
ACCUEIL
Bonjour
OK
OK
Bonjour
Bonjour
Salut
Bonjour
Bonjour
Je suis arthur0
Hein
Bonjour toi
Bonjour
Yo
Yo
B
Bonj
OK
C'est bizarre
YOOO
Bonjour
Bonjour
Bonjour
NOn
Bonjour
BONJOUR
Bonjour Arthur 2
BONJOUR
Bonjour
Bonjour
Yo
